Unity Editor version:    2022.3.10f1 (ff3792e53c62)
Branch:                  2022.3/staging
Build type:              Release
Batch mode:              YES
macOS version:           Version 14.0 (Build 23A344)
Darwin version:          23.0.0
Architecture:            arm64
Running under Rosetta:   NO
Available memory:        16384 MB
Using pre-set license
Pro License: YES

COMMAND LINE ARGUMENTS:
/Applications/Unity/Hub/Editor/2022.3.10f1/Unity.app/Contents/MacOS/Unity
-adb2
-batchMode
-noUpm
-name
AssetImportWorker1
-projectPath
/Users/namirinz/workspace/KU/AR/Angry Ball
-logFile
Logs/AssetImportWorker1.log
-srvPort
55461
Successfully changed project path to: /Users/namirinz/workspace/KU/AR/Angry Ball
/Users/namirinz/workspace/KU/AR/Angry Ball
[UnityMemory] Configuration Parameters - Can be set up in boot.config
    "memorysetup-bucket-allocator-granularity=16"
    "memorysetup-bucket-allocator-bucket-count=8"
    "memorysetup-bucket-allocator-block-size=33554432"
    "memorysetup-bucket-allocator-block-count=8"
    "memorysetup-main-allocator-block-size=16777216"
    "memorysetup-thread-allocator-block-size=16777216"
    "memorysetup-gfx-main-allocator-block-size=16777216"
    "memorysetup-gfx-thread-allocator-block-size=16777216"
    "memorysetup-cache-allocator-block-size=4194304"
    "memorysetup-typetree-allocator-block-size=2097152"
    "memorysetup-profiler-bucket-allocator-granularity=16"
    "memorysetup-profiler-bucket-allocator-bucket-count=8"
    "memorysetup-profiler-bucket-allocator-block-size=33554432"
    "memorysetup-profiler-bucket-allocator-block-count=8"
    "memorysetup-profiler-allocator-block-size=16777216"
    "memorysetup-profiler-editor-allocator-block-size=1048576"
    "memorysetup-temp-allocator-size-main=16777216"
    "memorysetup-job-temp-allocator-block-size=2097152"
    "memorysetup-job-temp-allocator-block-size-background=1048576"
    "memorysetup-job-temp-allocator-reduction-small-platforms=262144"
    "memorysetup-allocator-temp-initial-block-size-main=262144"
    "memorysetup-allocator-temp-initial-block-size-worker=262144"
    "memorysetup-temp-allocator-size-background-worker=32768"
    "memorysetup-temp-allocator-size-job-worker=262144"
    "memorysetup-temp-allocator-size-preload-manager=33554432"
    "memorysetup-temp-allocator-size-nav-mesh-worker=65536"
    "memorysetup-temp-allocator-size-audio-worker=65536"
    "memorysetup-temp-allocator-size-cloud-worker=32768"
    "memorysetup-temp-allocator-size-gi-baking-worker=262144"
    "memorysetup-temp-allocator-size-gfx=262144"
Player connection [8014385920] Host "[IP] 192.168.1.126 [Port] 0 [Flags] 2 [Guid] 2582739965 [EditorId] 2582739965 [Version] 1048832 [Id] OSXEditor(0,Naths-MacBook-Air.local) [Debug] 1 [PackageName] OSXEditor [ProjectName] Editor" joined multi-casting on [225.0.0.222:54997]...

Player connection [8014385920] Host "[IP] 192.168.1.126 [Port] 0 [Flags] 2 [Guid] 2582739965 [EditorId] 2582739965 [Version] 1048832 [Id] OSXEditor(0,Naths-MacBook-Air.local) [Debug] 1 [PackageName] OSXEditor [ProjectName] Editor" joined alternative multi-casting on [225.0.0.222:34997]...

[Physics::Module] Initialized MultithreadedJobDispatcher with 7 workers.
Refreshing native plugins compatible for Editor in 24.42 ms, found 10 plugins.
Preloading 0 native plugins for Editor in 0.00 ms.
Initialize engine version: 2022.3.10f1 (ff3792e53c62)
[Subsystems] Discovering subsystems at path /Applications/Unity/Hub/Editor/2022.3.10f1/Unity.app/Contents/Resources/UnitySubsystems
[Subsystems] Discovering subsystems at path /Users/namirinz/workspace/KU/AR/Angry Ball/Assets
GfxDevice: creating device client; threaded=0; jobified=0
 preferred device: Apple M2 (high power)
Metal devices available: 1
0: Apple M2 (high power)
Using device Apple M2 (high power)
Initializing Metal device caps: Apple M2
Initialize mono
Mono path[0] = '/Applications/Unity/Hub/Editor/2022.3.10f1/Unity.app/Contents/Managed'
Mono path[1] = '/Applications/Unity/Hub/Editor/2022.3.10f1/Unity.app/Contents/MonoBleedingEdge/lib/mono/unityjit-macos'
Mono config path = '/Applications/Unity/Hub/Editor/2022.3.10f1/Unity.app/Contents/MonoBleedingEdge/etc'
Using monoOptions --debugger-agent=transport=dt_socket,embedding=1,server=y,suspend=n,address=127.0.0.1:56984
Begin MonoManager ReloadAssembly
Registering precompiled unity dll's ...
Register platform support module: /Applications/Unity/Hub/Editor/2022.3.10f1/Unity.app/Contents/PlaybackEngines/MacStandaloneSupport/UnityEditor.OSXStandalone.Extensions.dll
Register platform support module: /Applications/Unity/Hub/Editor/2022.3.10f1/PlaybackEngines/iOSSupport/UnityEditor.iOS.Extensions.dll
Registered in 0.003264 seconds.
- Loaded All Assemblies, in  0.229 seconds
[usbmuxd] Start listen thread
[usbmuxd] Listen thread started
[usbmuxd] Send listen message
Native extension for iOS target not found
Native extension for OSXStandalone target not found
Mono: successfully reloaded assembly
- Finished resetting the current domain, in  0.188 seconds
Domain Reload Profiling: 417ms
	BeginReloadAssembly (78ms)
		ExecutionOrderSort (0ms)
		DisableScriptedObjects (0ms)
		BackupInstance (0ms)
		ReleaseScriptingObjects (0ms)
		CreateAndSetChildDomain (0ms)
	RebuildCommonClasses (22ms)
	RebuildNativeTypeToScriptingClass (8ms)
	initialDomainReloadingComplete (30ms)
	LoadAllAssembliesAndSetupDomain (90ms)
		LoadAssemblies (78ms)
		RebuildTransferFunctionScriptingTraits (0ms)
		AnalyzeDomain (89ms)
			TypeCache.Refresh (88ms)
				TypeCache.ScanAssembly (79ms)
			ScanForSourceGeneratedMonoScriptInfo (0ms)
			ResolveRequiredComponents (0ms)
	FinalizeReload (188ms)
		ReleaseScriptCaches (0ms)
		RebuildScriptCaches (0ms)
		SetupLoadedEditorAssemblies (155ms)
			LogAssemblyErrors (0ms)
			InitializePlatformSupportModulesInManaged (65ms)
			SetLoadedEditorAssemblies (3ms)
			RefreshPlugins (0ms)
			BeforeProcessingInitializeOnLoad (1ms)
			ProcessInitializeOnLoadAttributes (64ms)
			ProcessInitializeOnLoadMethodAttributes (22ms)
			AfterProcessingInitializeOnLoad (0ms)
			EditorAssembliesLoaded (0ms)
		ExecutionOrderSort2 (0ms)
		AwakeInstancesAfterBackupRestoration (0ms)
========================================================================
Worker process is ready to serve import requests
Begin MonoManager ReloadAssembly
- Loaded All Assemblies, in  0.409 seconds
Refreshing native plugins compatible for Editor in 3.61 ms, found 10 plugins.
Native extension for iOS target not found
Native extension for OSXStandalone target not found
Package Manager log level set to [2]
[Package Manager] Server::EnsureServerProcessIsRunning -- launch failed, reason: Unity was launched with the -noUpm command-line argument
[Package Manager] UpmClient::Send -- Unable to send message (not connected to UPM process).
[Package Manager] Cannot connect to Unity Package Manager local server
[Package Manager] Server::EnsureServerProcessIsRunning -- launch failed, reason: Unity was launched with the -noUpm command-line argument
[Package Manager] UpmClient::Send -- Unable to send message (not connected to UPM process).
[Package Manager] Cannot connect to Unity Package Manager local server
Mono: successfully reloaded assembly
[Package Manager] Server::EnsureServerProcessIsRunning -- launch failed, reason: Unity was launched with the -noUpm command-line argument
[Package Manager] UpmClient::Send -- Unable to send message (not connected to UPM process).
[Package Manager] Cannot connect to Unity Package Manager local server
[Package Manager] Server::EnsureServerProcessIsRunning -- launch failed, reason: Unity was launched with the -noUpm command-line argument
[Package Manager] UpmClient::Send -- Unable to send message (not connected to UPM process).
[Package Manager] Cannot connect to Unity Package Manager local server
- Finished resetting the current domain, in  4.318 seconds
Domain Reload Profiling: 4728ms
	BeginReloadAssembly (68ms)
		ExecutionOrderSort (0ms)
		DisableScriptedObjects (3ms)
		BackupInstance (0ms)
		ReleaseScriptingObjects (0ms)
		CreateAndSetChildDomain (16ms)
	RebuildCommonClasses (21ms)
	RebuildNativeTypeToScriptingClass (8ms)
	initialDomainReloadingComplete (19ms)
	LoadAllAssembliesAndSetupDomain (293ms)
		LoadAssemblies (188ms)
		RebuildTransferFunctionScriptingTraits (0ms)
		AnalyzeDomain (135ms)
			TypeCache.Refresh (119ms)
				TypeCache.ScanAssembly (105ms)
			ScanForSourceGeneratedMonoScriptInfo (11ms)
			ResolveRequiredComponents (4ms)
	FinalizeReload (4319ms)
		ReleaseScriptCaches (0ms)
		RebuildScriptCaches (0ms)
		SetupLoadedEditorAssemblies (4228ms)
			LogAssemblyErrors (0ms)
			InitializePlatformSupportModulesInManaged (13ms)
			SetLoadedEditorAssemblies (2ms)
			RefreshPlugins (0ms)
			BeforeProcessingInitializeOnLoad (37ms)
			ProcessInitializeOnLoadAttributes (212ms)
			ProcessInitializeOnLoadMethodAttributes (3963ms)
			AfterProcessingInitializeOnLoad (1ms)
			EditorAssembliesLoaded (0ms)
		ExecutionOrderSort2 (0ms)
		AwakeInstancesAfterBackupRestoration (2ms)
Launching external process: /Applications/Unity/Hub/Editor/2022.3.10f1/Unity.app/Contents/Tools/UnityShaderCompiler
Launched and connected shader compiler UnityShaderCompiler after 0.04 seconds
Refreshing native plugins compatible for Editor in 3.40 ms, found 10 plugins.
Preloading 0 native plugins for Editor in 0.00 ms.
Unloading 5228 Unused Serialized files (Serialized files now loaded: 0)
Unloading 524 unused Assets / (1.7 MB). Loaded Objects now: 5240.
Memory consumption went from 238.3 MB to 236.5 MB.
Total: 3.985500 ms (FindLiveObjects: 0.212125 ms CreateObjectMapping: 0.106250 ms MarkObjects: 2.797792 ms  DeleteObjects: 0.868625 ms)

AssetImportParameters requested are different than current active one (requested -> active):
  custom:container-demuxer-ogg: 62fdf1f143b41e24485cea50d1cbac27 -> 
  custom:video-decoder-ogg-theora: a1e56fd34408186e4bbccfd4996cb3dc -> 
  custom:CustomObjectIndexerAttribute: 756ad292c208cfabdd7b50bc23989ffe -> 
  custom:container-demuxer-webm: 4f35f7cbe854078d1ac9338744f61a02 -> 
  custom:container-muxer-webm: aa71ff27fc2769a1b78a27578f13a17b -> 
  custom:video-decoder-webm-vp8: 9c59270c3fd7afecdb556c50c9e8de78 -> 
  custom:SearchIndexIgnoredProperties: e643bd26f0fe6173181afceb89e7c659 -> 
  custom:AudioImporter_EditorPlatform: 3918e3fc78b5a79bad01e8451be0beb8 -> 
  custom:framework-osx-AVFoundation: e770b220cccbd017edd2c1fefb359320 -> 
  custom:video-encoder-webm-vp8: eb34c28f22e8b96e1ab97ce403110664 -> 
  custom:audio-decoder-ogg-vorbis: bf7c407c2cedff20999df2af8eb42d56 -> 
  custom:audio-encoder-webm-vorbis: bf7c407c2cedff20999df2af8eb42d56 -> 
========================================================================
Received Import Request.
  Time since last request: 299559.088421 seconds.
  path: Assets/Simple Buttons/Buttons Style 10 (Square Light Blue)/ButtonsStyle10_08.png
  artifactKey: Guid(4d9b592efeeb3954892d4674a90a8d3c) Importer(815301076,1909f56bfc062723c751e8b465ee728b)
Start importing Assets/Simple Buttons/Buttons Style 10 (Square Light Blue)/ButtonsStyle10_08.png using Guid(4d9b592efeeb3954892d4674a90a8d3c) Importer(815301076,1909f56bfc062723c751e8b465ee728b)  -> (artifact id: '5c663afb372f49f0477458e8b4b26343') in 0.053040 seconds
Number of updated asset objects reloaded before import = 0
Number of asset objects unloaded after import = 3
========================================================================
Received Import Request.
  Time since last request: 0.000041 seconds.
  path: Assets/Simple Buttons/Buttons Style 10 (Square Light Blue)/ButtonsStyle10_18.png
  artifactKey: Guid(14643e1f960f8774abb834582fa4e4cc) Importer(815301076,1909f56bfc062723c751e8b465ee728b)
Start importing Assets/Simple Buttons/Buttons Style 10 (Square Light Blue)/ButtonsStyle10_18.png using Guid(14643e1f960f8774abb834582fa4e4cc) Importer(815301076,1909f56bfc062723c751e8b465ee728b)  -> (artifact id: 'e46ee6d34152ba261f71820ffc504059') in 0.006245 seconds
Number of updated asset objects reloaded before import = 0
Number of asset objects unloaded after import = 3
========================================================================
Received Import Request.
  Time since last request: 0.000053 seconds.
  path: Assets/Simple Buttons/Buttons Style 10 (Square Light Blue)/ButtonsStyle10_25.png
  artifactKey: Guid(de180e99ecfcea345bfa2dd8949dbd92) Importer(815301076,1909f56bfc062723c751e8b465ee728b)
Start importing Assets/Simple Buttons/Buttons Style 10 (Square Light Blue)/ButtonsStyle10_25.png using Guid(de180e99ecfcea345bfa2dd8949dbd92) Importer(815301076,1909f56bfc062723c751e8b465ee728b)  -> (artifact id: '1fb54bbadbc5d0d301f860b44b55db8f') in 0.006538 seconds
Number of updated asset objects reloaded before import = 0
Number of asset objects unloaded after import = 3
========================================================================
Received Import Request.
  Time since last request: 0.000063 seconds.
  path: Assets/Simple Buttons/Buttons Style 10 (Square Light Blue)/ButtonsStyle10_04.png
  artifactKey: Guid(8384d13f6d4b91b47af59eb7276c3dd6) Importer(815301076,1909f56bfc062723c751e8b465ee728b)
Start importing Assets/Simple Buttons/Buttons Style 10 (Square Light Blue)/ButtonsStyle10_04.png using Guid(8384d13f6d4b91b47af59eb7276c3dd6) Importer(815301076,1909f56bfc062723c751e8b465ee728b)  -> (artifact id: 'b2fc2e28d032b8b26ad6d1d047b688a6') in 0.008301 seconds
Number of updated asset objects reloaded before import = 0
Number of asset objects unloaded after import = 3
========================================================================
Received Import Request.
  Time since last request: 0.000115 seconds.
  path: Assets/Simple Buttons/Buttons Style 10 (Square Light Blue)/ButtonsStyle10_09.png
  artifactKey: Guid(1ff45295039ec2147a4d1738671d206a) Importer(815301076,1909f56bfc062723c751e8b465ee728b)
Start importing Assets/Simple Buttons/Buttons Style 10 (Square Light Blue)/ButtonsStyle10_09.png using Guid(1ff45295039ec2147a4d1738671d206a) Importer(815301076,1909f56bfc062723c751e8b465ee728b)  -> (artifact id: 'd101cc3696be26eaa627ffda989a18c7') in 0.004424 seconds
Number of updated asset objects reloaded before import = 0
Number of asset objects unloaded after import = 3
========================================================================
Received Import Request.
  Time since last request: 0.000039 seconds.
  path: Assets/Simple Buttons/Buttons Style 10 (Square Light Blue)/ButtonsStyle10_10.png
  artifactKey: Guid(fbeab67cb04ee0e4fb8d6b16e814e677) Importer(815301076,1909f56bfc062723c751e8b465ee728b)
Start importing Assets/Simple Buttons/Buttons Style 10 (Square Light Blue)/ButtonsStyle10_10.png using Guid(fbeab67cb04ee0e4fb8d6b16e814e677) Importer(815301076,1909f56bfc062723c751e8b465ee728b)  -> (artifact id: 'd0ecf25b8b6a4790d079f1c6ee349aab') in 0.006098 seconds
Number of updated asset objects reloaded before import = 0
Number of asset objects unloaded after import = 3
========================================================================
Received Import Request.
  Time since last request: 0.000046 seconds.
  path: Assets/Simple Buttons/Buttons Style 10 (Square Light Blue)/ButtonsStyle10_23.png
  artifactKey: Guid(4d84691ee9c44bb41b2973774d685a2e) Importer(815301076,1909f56bfc062723c751e8b465ee728b)
Start importing Assets/Simple Buttons/Buttons Style 10 (Square Light Blue)/ButtonsStyle10_23.png using Guid(4d84691ee9c44bb41b2973774d685a2e) Importer(815301076,1909f56bfc062723c751e8b465ee728b)  -> (artifact id: '2cf72956634d5083c67ebf4f66440d21') in 0.005026 seconds
Number of updated asset objects reloaded before import = 0
Number of asset objects unloaded after import = 3
========================================================================
Received Import Request.
  Time since last request: 0.000114 seconds.
  path: Assets/Simple Buttons/Buttons Style 10 (Square Light Blue)/ButtonsStyle10_16.png
  artifactKey: Guid(fce4a6e3db791ac439579bf36e02da3e) Importer(815301076,1909f56bfc062723c751e8b465ee728b)
Start importing Assets/Simple Buttons/Buttons Style 10 (Square Light Blue)/ButtonsStyle10_16.png using Guid(fce4a6e3db791ac439579bf36e02da3e) Importer(815301076,1909f56bfc062723c751e8b465ee728b)  -> (artifact id: 'de4794d1c0a5d5a3749adce321e33753') in 0.005881 seconds
Number of updated asset objects reloaded before import = 0
Number of asset objects unloaded after import = 3
========================================================================
Received Import Request.
  Time since last request: 0.000119 seconds.
  path: Assets/Simple Buttons/Buttons Style 10 (Square Light Blue)/ButtonsStyle10_05.png
  artifactKey: Guid(cbf7b9199bb38454aaa1642c264db28e) Importer(815301076,1909f56bfc062723c751e8b465ee728b)
Start importing Assets/Simple Buttons/Buttons Style 10 (Square Light Blue)/ButtonsStyle10_05.png using Guid(cbf7b9199bb38454aaa1642c264db28e) Importer(815301076,1909f56bfc062723c751e8b465ee728b)  -> (artifact id: '5c87460ef23bb7ee168ef859b48f827f') in 0.007644 seconds
Number of updated asset objects reloaded before import = 0
Number of asset objects unloaded after import = 3
========================================================================
Received Import Request.
  Time since last request: 0.000069 seconds.
  path: Assets/Simple Buttons/Buttons Style 10 (Square Light Blue)/ButtonsStyle10_03.png
  artifactKey: Guid(40431b1f3fc152545a2f88a8901f3b00) Importer(815301076,1909f56bfc062723c751e8b465ee728b)
Start importing Assets/Simple Buttons/Buttons Style 10 (Square Light Blue)/ButtonsStyle10_03.png using Guid(40431b1f3fc152545a2f88a8901f3b00) Importer(815301076,1909f56bfc062723c751e8b465ee728b)  -> (artifact id: '5825a27af8b53ac8f69b71e5e9813fda') in 0.005010 seconds
Number of updated asset objects reloaded before import = 0
Number of asset objects unloaded after import = 3
========================================================================
Received Import Request.
  Time since last request: 0.000132 seconds.
  path: Assets/Simple Buttons/Buttons Style 10 (Square Light Blue)/ButtonsStyle10_06.png
  artifactKey: Guid(5a6c712c241f45b41b44d6b40a939ae1) Importer(815301076,1909f56bfc062723c751e8b465ee728b)
Start importing Assets/Simple Buttons/Buttons Style 10 (Square Light Blue)/ButtonsStyle10_06.png using Guid(5a6c712c241f45b41b44d6b40a939ae1) Importer(815301076,1909f56bfc062723c751e8b465ee728b)  -> (artifact id: '67eeeaf087ea83a7f8a1473be7a391d0') in 0.005396 seconds
Number of updated asset objects reloaded before import = 0
Number of asset objects unloaded after import = 3
========================================================================
Received Import Request.
  Time since last request: 0.000036 seconds.
  path: Assets/Simple Buttons/Buttons Style 10 (Square Light Blue)/ButtonsStyle10_14.png
  artifactKey: Guid(93e4802c98e075e489e9c69952af801b) Importer(815301076,1909f56bfc062723c751e8b465ee728b)
Start importing Assets/Simple Buttons/Buttons Style 10 (Square Light Blue)/ButtonsStyle10_14.png using Guid(93e4802c98e075e489e9c69952af801b) Importer(815301076,1909f56bfc062723c751e8b465ee728b)  -> (artifact id: 'a8303149959fd55f47eca40c69f7a18b') in 0.004897 seconds
Number of updated asset objects reloaded before import = 0
Number of asset objects unloaded after import = 3
========================================================================
Received Import Request.
  Time since last request: 0.000136 seconds.
  path: Assets/Simple Buttons/Buttons Style 10 (Square Light Blue)/ButtonsStyle10_22.png
  artifactKey: Guid(9e558f98a01ec0846923aedb3e42719e) Importer(815301076,1909f56bfc062723c751e8b465ee728b)
Start importing Assets/Simple Buttons/Buttons Style 10 (Square Light Blue)/ButtonsStyle10_22.png using Guid(9e558f98a01ec0846923aedb3e42719e) Importer(815301076,1909f56bfc062723c751e8b465ee728b)  -> (artifact id: '87184ee0b65b367bd58ad89a61c9d8fb') in 0.005620 seconds
Number of updated asset objects reloaded before import = 0
Number of asset objects unloaded after import = 3
========================================================================
Received Prepare
Begin MonoManager ReloadAssembly
Thread 0x17fd47000 may have been prematurely finalized
- Loaded All Assemblies, in  0.326 seconds
Refreshing native plugins compatible for Editor in 3.73 ms, found 10 plugins.
Native extension for iOS target not found
Native extension for OSXStandalone target not found
[Package Manager] Server::EnsureServerProcessIsRunning -- launch failed, reason: Unity was launched with the -noUpm command-line argument
[Package Manager] UpmClient::Send -- Unable to send message (not connected to UPM process).
[Package Manager] Cannot connect to Unity Package Manager local server
[Package Manager] Server::EnsureServerProcessIsRunning -- launch failed, reason: Unity was launched with the -noUpm command-line argument
[Package Manager] UpmClient::Send -- Unable to send message (not connected to UPM process).
[Package Manager] Cannot connect to Unity Package Manager local server
Mono: successfully reloaded assembly
[Package Manager] Server::EnsureServerProcessIsRunning -- launch failed, reason: Unity was launched with the -noUpm command-line argument
[Package Manager] UpmClient::Send -- Unable to send message (not connected to UPM process).
[Package Manager] Cannot connect to Unity Package Manager local server
- Finished resetting the current domain, in  4.519 seconds
Domain Reload Profiling: 4845ms
	BeginReloadAssembly (102ms)
		ExecutionOrderSort (0ms)
		DisableScriptedObjects (3ms)
		BackupInstance (0ms)
		ReleaseScriptingObjects (0ms)
		CreateAndSetChildDomain (40ms)
	RebuildCommonClasses (21ms)
	RebuildNativeTypeToScriptingClass (8ms)
	initialDomainReloadingComplete (16ms)
	LoadAllAssembliesAndSetupDomain (178ms)
		LoadAssemblies (196ms)
		RebuildTransferFunctionScriptingTraits (0ms)
		AnalyzeDomain (15ms)
			TypeCache.Refresh (9ms)
				TypeCache.ScanAssembly (0ms)
			ScanForSourceGeneratedMonoScriptInfo (0ms)
			ResolveRequiredComponents (5ms)
	FinalizeReload (4519ms)
		ReleaseScriptCaches (0ms)
		RebuildScriptCaches (0ms)
		SetupLoadedEditorAssemblies (4027ms)
			LogAssemblyErrors (0ms)
			InitializePlatformSupportModulesInManaged (13ms)
			SetLoadedEditorAssemblies (2ms)
			RefreshPlugins (0ms)
			BeforeProcessingInitializeOnLoad (37ms)
			ProcessInitializeOnLoadAttributes (174ms)
			ProcessInitializeOnLoadMethodAttributes (3799ms)
			AfterProcessingInitializeOnLoad (1ms)
			EditorAssembliesLoaded (0ms)
		ExecutionOrderSort2 (0ms)
		AwakeInstancesAfterBackupRestoration (3ms)
Refreshing native plugins compatible for Editor in 3.49 ms, found 10 plugins.
Preloading 0 native plugins for Editor in 0.00 ms.
Unloading 5172 Unused Serialized files (Serialized files now loaded: 0)
Unloading 503 unused Assets / (1.7 MB). Loaded Objects now: 5270.
Memory consumption went from 238.8 MB to 237.1 MB.
Total: 3.753042 ms (FindLiveObjects: 0.196334 ms CreateObjectMapping: 0.130334 ms MarkObjects: 2.548375 ms  DeleteObjects: 0.877416 ms)

Prepare: number of updated asset objects reloaded= 0
AssetImportParameters requested are different than current active one (requested -> active):
  custom:container-demuxer-ogg: 62fdf1f143b41e24485cea50d1cbac27 -> 
  custom:video-decoder-ogg-theora: a1e56fd34408186e4bbccfd4996cb3dc -> 
  custom:CustomObjectIndexerAttribute: 756ad292c208cfabdd7b50bc23989ffe -> 
  custom:container-demuxer-webm: 4f35f7cbe854078d1ac9338744f61a02 -> 
  custom:container-muxer-webm: aa71ff27fc2769a1b78a27578f13a17b -> 
  custom:video-decoder-webm-vp8: 9c59270c3fd7afecdb556c50c9e8de78 -> 
  custom:SearchIndexIgnoredProperties: e643bd26f0fe6173181afceb89e7c659 -> 
  custom:AudioImporter_EditorPlatform: 3918e3fc78b5a79bad01e8451be0beb8 -> 
  custom:framework-osx-AVFoundation: e770b220cccbd017edd2c1fefb359320 -> 
  custom:video-encoder-webm-vp8: eb34c28f22e8b96e1ab97ce403110664 -> 
  custom:audio-decoder-ogg-vorbis: bf7c407c2cedff20999df2af8eb42d56 -> 
  custom:audio-encoder-webm-vorbis: bf7c407c2cedff20999df2af8eb42d56 -> 
